This file contains any messages produced by compilers while
running configure, to aid debugging if configure makes a mistake.

It was created by make configure noversion, which was
generated by GNU Autoconf 2.52.  Invocation command line was

  $ ./configure 

## ---------- ##
## Platform.  ##
## ---------- ##

hostname = f88412e7a919
uname -m = x86_64
uname -r = 6.0.9-hardened1-1-hardened
uname -s = Linux
uname -v = #1 SMP PREEMPT_DYNAMIC Wed, 16 Nov 2022 22:44:15 +0000

/usr/bin/uname -p = unknown
/bin/uname -X     = unknown

/bin/arch              = unknown
/usr/bin/arch -k       = unknown
/usr/convex/getsysinfo = unknown
hostinfo               = unknown
/bin/machine           = unknown
/usr/bin/oslevel       = unknown
/bin/universe          = unknown

PATH = /usr/local/sbin:/usr/local/bin:/usr/sbin:/usr/bin:/sbin:/bin

## ------------ ##
## Core tests.  ##
## ------------ ##

configure:914: PATH=".;."; conftest.sh
./configure: 915: ./configure: conftest.sh: not found
configure:917: $? = 127
configure:930: checking for sh
configure:947: found /bin/sh
configure:958: result: /bin/sh
configure:1018: checking for gcc
configure:1033: found /usr/bin/gcc
configure:1041: result: gcc
configure:1269: checking for C compiler version
configure:1272: gcc --version </dev/null >&5
gcc (Debian 8.3.0-6) 8.3.0
Copyright (C) 2018 Free Software Foundation, Inc.
This is free software; see the source for copying conditions.  There is NO
warranty; not even for MERCHANTABILITY or FITNESS FOR A PARTICULAR PURPOSE.

configure:1275: $? = 0
configure:1277: gcc -v </dev/null >&5
Using built-in specs.
COLLECT_GCC=gcc
COLLECT_LTO_WRAPPER=/usr/lib/gcc/x86_64-linux-gnu/8/lto-wrapper
OFFLOAD_TARGET_NAMES=nvptx-none
OFFLOAD_TARGET_DEFAULT=1
Target: x86_64-linux-gnu
Configured with: ../src/configure -v --with-pkgversion='Debian 8.3.0-6' --with-bugurl=file:///usr/share/doc/gcc-8/README.Bugs --enable-languages=c,ada,c++,go,brig,d,fortran,objc,obj-c++ --prefix=/usr --with-gcc-major-version-only --program-suffix=-8 --program-prefix=x86_64-linux-gnu- --enable-shared --enable-linker-build-id --libexecdir=/usr/lib --without-included-gettext --enable-threads=posix --libdir=/usr/lib --enable-nls --enable-bootstrap --enable-clocale=gnu --enable-libstdcxx-debug --enable-libstdcxx-time=yes --with-default-libstdcxx-abi=new --enable-gnu-unique-object --disable-vtable-verify --enable-libmpx --enable-plugin --enable-default-pie --with-system-zlib --with-target-system-zlib --enable-objc-gc=auto --enable-multiarch --disable-werror --with-arch-32=i686 --with-abi=m64 --with-multilib-list=m32,m64,mx32 --enable-multilib --with-tune=generic --enable-offload-targets=nvptx-none --without-cuda-driver --enable-checking=release --build=x86_64-linux-gnu --host=x86_64-linux-gnu --target=x86_64-linux-gnu
Thread model: posix
gcc version 8.3.0 (Debian 8.3.0-6) 
configure:1280: $? = 0
configure:1282: gcc -V </dev/null >&5
gcc: error: unrecognized command line option '-V'
gcc: fatal error: no input files
compilation terminated.
configure:1285: $? = 1
configure:1305: checking for C compiler default output
configure:1308: gcc    conftest.c  >&5
configure:1311: $? = 0
configure:1340: result: a.out
configure:1345: checking whether the C compiler works
configure:1351: ./a.out
configure:1354: $? = 0
configure:1369: result: yes
configure:1376: checking whether we are cross compiling
configure:1378: result: no
configure:1381: checking for executable suffix
configure:1383: gcc -o conftest    conftest.c  >&5
configure:1386: $? = 0
configure:1408: result: 
configure:1414: checking for object suffix
configure:1432: gcc -c   conftest.c >&5
configure:1435: $? = 0
configure:1454: result: o
configure:1458: checking whether we are using the GNU C compiler
configure:1479: gcc -c   conftest.c >&5
configure:1482: $? = 0
configure:1485: test -s conftest.o
configure:1488: $? = 0
configure:1500: result: yes
configure:1506: checking whether gcc accepts -g
configure:1524: gcc -c -g  conftest.c >&5
configure:1527: $? = 0
configure:1530: test -s conftest.o
configure:1533: $? = 0
configure:1543: result: yes
configure:1570: gcc -c -g -O2  conftest.c >&5
conftest.c:2:3: error: unknown type name 'choke'
   choke me
   ^~~~~
conftest.c:2:3: error: expected '=', ',', ';', 'asm' or '__attribute__' at end of input
configure:1573: $? = 1
configure: failed program was:
#ifndef __cplusplus
  choke me
#endif
configure:1676: checking how to run the C preprocessor
configure:1702: gcc -E  conftest.c
configure:1708: $? = 0
configure:1735: gcc -E  conftest.c
configure:1732:10: fatal error: ac_nonexistent.h: No such file or directory
 #include "confdefs.h"
          ^~~~~~~~~~~~      
compilation terminated.
configure:1741: $? = 1
configure: failed program was:
#line 1731 "configure"
#include "confdefs.h"
#include <ac_nonexistent.h>
configure:1778: result: gcc -E
configure:1793: gcc -E  conftest.c
configure:1799: $? = 0
configure:1826: gcc -E  conftest.c
configure:1823:10: fatal error: ac_nonexistent.h: No such file or directory
 #include "confdefs.h"
          ^~~~~~~~~~~~      
compilation terminated.
configure:1832: $? = 1
configure: failed program was:
#line 1822 "configure"
#include "confdefs.h"
#include <ac_nonexistent.h>
configure:1871: checking for regex.h
configure:1881: gcc -E  conftest.c
configure:1887: $? = 0
configure:1906: result: yes
configure:1917: checking for poll.h
configure:1927: gcc -E  conftest.c
configure:1933: $? = 0
configure:1952: result: yes
configure:1966: checking for regfree in -lregex
configure:1993: gcc -o conftest -g -O2   conftest.c -lregex   >&5
/usr/bin/ld: cannot find -lregex
collect2: error: ld returned 1 exit status
configure:1996: $? = 1
configure: failed program was:
#line 1974 "configure"
#include "confdefs.h"

/* Override any gcc2 internal prototype to avoid an error.  */
#ifdef __cplusplus
extern "C"
#endif
/* We use char because int might match the return type of a gcc2
   builtin and then its argument prototype would still apply.  */
char regfree ();
int
main ()
{
regfree ();
  ;
  return 0;
}
configure:2013: result: no
configure:2024: checking for library containing regfree
configure:2051: gcc -o conftest -g -O2   conftest.c  >&5
configure:2054: $? = 0
configure:2057: test -s conftest
configure:2060: $? = 0
configure:2113: result: none required
configure:2123: checking for setenv
configure:2160: gcc -o conftest -g -O2   conftest.c  >&5
configure:2163: $? = 0
configure:2166: test -s conftest
configure:2169: $? = 0
configure:2179: result: yes
configure:2123: checking for strdup
configure:2160: gcc -o conftest -g -O2   conftest.c  >&5
configure:2139:6: warning: conflicting types for built-in function 'strdup' [-Wbuiltin-declaration-mismatch]
    builtin and then its argument prototype would still apply.  */
      ^~~~~~
configure:2163: $? = 0
configure:2166: test -s conftest
configure:2169: $? = 0
configure:2179: result: yes
configure:2123: checking for strerror
configure:2160: gcc -o conftest -g -O2   conftest.c  >&5
configure:2163: $? = 0
configure:2166: test -s conftest
configure:2169: $? = 0
configure:2179: result: yes
configure:2123: checking for strftime
configure:2160: gcc -o conftest -g -O2   conftest.c  >&5
configure:2139:6: warning: conflicting types for built-in function 'strftime' [-Wbuiltin-declaration-mismatch]
    builtin and then its argument prototype would still apply.  */
      ^~~~~~~~
configure:2163: $? = 0
configure:2166: test -s conftest
configure:2169: $? = 0
configure:2179: result: yes
configure:2123: checking for vsnprintf
configure:2160: gcc -o conftest -g -O2   conftest.c  >&5
configure:2139:6: warning: conflicting types for built-in function 'vsnprintf' [-Wbuiltin-declaration-mismatch]
    builtin and then its argument prototype would still apply.  */
      ^~~~~~~~~
configure:2163: $? = 0
configure:2166: test -s conftest
configure:2169: $? = 0
configure:2179: result: yes
configure:2298: creating ./config.status

## ----------------------- ##
## Running config.status.  ##
## ----------------------- ##

This file was extended by config.status (make noversion) 2.52, executed with
  CONFIG_FILES    = 
  CONFIG_HEADERS  = 
  CONFIG_LINKS    = 
  CONFIG_COMMANDS = 
  > ./config.status 
on f88412e7a919

config.status:2718: creating buildmake.sh

## ----------------- ##
## Cache variables.  ##
## ----------------- ##

ac_cv_c_compiler_gnu='yes'
ac_cv_env_CC_set=''
ac_cv_env_CC_value=''
ac_cv_env_CFLAGS_set=''
ac_cv_env_CFLAGS_value=''
ac_cv_env_CPPFLAGS_set=''
ac_cv_env_CPPFLAGS_value=''
ac_cv_env_CPP_set=''
ac_cv_env_CPP_value=''
ac_cv_env_LDFLAGS_set=''
ac_cv_env_LDFLAGS_value=''
ac_cv_env_build_alias_set=''
ac_cv_env_build_alias_value=''
ac_cv_env_host_alias_set=''
ac_cv_env_host_alias_value=''
ac_cv_env_target_alias_set=''
ac_cv_env_target_alias_value=''
ac_cv_func_setenv='yes'
ac_cv_func_strdup='yes'
ac_cv_func_strerror='yes'
ac_cv_func_strftime='yes'
ac_cv_func_vsnprintf='yes'
ac_cv_header_poll_h='yes'
ac_cv_header_regex_h='yes'
ac_cv_lib_regex_regfree='no'
ac_cv_objext='o'
ac_cv_path_BSHELL='/bin/sh'
ac_cv_prog_CPP='gcc -E'
ac_cv_prog_ac_ct_CC='gcc'
ac_cv_prog_cc_g='yes'
ac_cv_search_regfree='none required'

## ------------ ##
## confdefs.h.  ##
## ------------ ##

#define DEFSHELL_CUSTOM "/bin/sh"
#define HAVE_SETENV 1
#define HAVE_STRDUP 1
#define HAVE_STRERROR 1
#define HAVE_STRFTIME 1
#define HAVE_VSNPRINTF 1


configure: exit 0
