===> build.sh command:    build.sh -mi386 -j 4 -O ../obj.i386 tools
===> build.sh started:    Tue Nov 22 12:27:10 UTC 2022
===> MINIX version:       3.4.0
===> MACHINE:             i386
===> MACHINE_ARCH:        i386
===> Build platform:      Linux 6.0.9-hardened1-1-hardened x86_64
===> HOST_SH:             /bin/sh
===> /minix3/src/../obj.i386/tooldir.Linux-6.0.9-hardened1-1-hardened-x86_64/bin/nbmake outdated (older than usr.bin/make/main.c), needs building.
===> Bootstrapping nbmake
checking for sh... /bin/sh
checking for gcc... cc
checking for C compiler default output... a.out
checking whether the C compiler works... yes
checking whether we are cross compiling... no
checking for executable suffix... 
checking for object suffix... o
checking whether we are using the GNU C compiler... yes
checking whether cc accepts -g... yes
checking how to run the C preprocessor... cc -E
checking for regex.h... yes
checking for poll.h... yes
checking for regfree in -lregex... no
checking for library containing regfree... none required
checking for setenv... yes
checking for strdup... yes
checking for strerror... yes
checking for strftime... yes
checking for vsnprintf... yes
configure: creating ./config.status
config.status: creating buildmake.sh
cc  -O -DDEFSHELL_CUSTOM="/bin/sh" -DHAVE_SETENV=1 -DHAVE_STRDUP=1 -DHAVE_STRERROR=1 -DHAVE_STRFTIME=1 -DHAVE_VSNPRINTF=1  -c /minix3/src/tools/make/../../usr.bin/make/arch.c
cc  -O -DDEFSHELL_CUSTOM="/bin/sh" -DHAVE_SETENV=1 -DHAVE_STRDUP=1 -DHAVE_STRERROR=1 -DHAVE_STRFTIME=1 -DHAVE_VSNPRINTF=1  -c /minix3/src/tools/make/../../usr.bin/make/buf.c
cc  -O -DDEFSHELL_CUSTOM="/bin/sh" -DHAVE_SETENV=1 -DHAVE_STRDUP=1 -DHAVE_STRERROR=1 -DHAVE_STRFTIME=1 -DHAVE_VSNPRINTF=1  -c /minix3/src/tools/make/../../usr.bin/make/compat.c
cc  -O -DDEFSHELL_CUSTOM="/bin/sh" -DHAVE_SETENV=1 -DHAVE_STRDUP=1 -DHAVE_STRERROR=1 -DHAVE_STRFTIME=1 -DHAVE_VSNPRINTF=1  -c /minix3/src/tools/make/../../usr.bin/make/cond.c
cc  -O -DDEFSHELL_CUSTOM="/bin/sh" -DHAVE_SETENV=1 -DHAVE_STRDUP=1 -DHAVE_STRERROR=1 -DHAVE_STRFTIME=1 -DHAVE_VSNPRINTF=1  -c /minix3/src/tools/make/../../usr.bin/make/dir.c
cc  -O -DDEFSHELL_CUSTOM="/bin/sh" -DHAVE_SETENV=1 -DHAVE_STRDUP=1 -DHAVE_STRERROR=1 -DHAVE_STRFTIME=1 -DHAVE_VSNPRINTF=1  -c /minix3/src/tools/make/../../usr.bin/make/for.c
cc  -O -DDEFSHELL_CUSTOM="/bin/sh" -DHAVE_SETENV=1 -DHAVE_STRDUP=1 -DHAVE_STRERROR=1 -DHAVE_STRFTIME=1 -DHAVE_VSNPRINTF=1  -c /minix3/src/tools/make/../../usr.bin/make/hash.c
cc  -O -DDEFSHELL_CUSTOM="/bin/sh" -DHAVE_SETENV=1 -DHAVE_STRDUP=1 -DHAVE_STRERROR=1 -DHAVE_STRFTIME=1 -DHAVE_VSNPRINTF=1  -c /minix3/src/tools/make/../../usr.bin/make/job.c
cc  -O -DDEFSHELL_CUSTOM="/bin/sh" -DHAVE_SETENV=1 -DHAVE_STRDUP=1 -DHAVE_STRERROR=1 -DHAVE_STRFTIME=1 -DHAVE_VSNPRINTF=1  -c /minix3/src/tools/make/../../usr.bin/make/main.c
cc  -O -DDEFSHELL_CUSTOM="/bin/sh" -DHAVE_SETENV=1 -DHAVE_STRDUP=1 -DHAVE_STRERROR=1 -DHAVE_STRFTIME=1 -DHAVE_VSNPRINTF=1  -c /minix3/src/tools/make/../../usr.bin/make/make.c
cc  -O -DDEFSHELL_CUSTOM="/bin/sh" -DHAVE_SETENV=1 -DHAVE_STRDUP=1 -DHAVE_STRERROR=1 -DHAVE_STRFTIME=1 -DHAVE_VSNPRINTF=1  -c /minix3/src/tools/make/../../usr.bin/make/make_malloc.c
cc  -O -DDEFSHELL_CUSTOM="/bin/sh" -DHAVE_SETENV=1 -DHAVE_STRDUP=1 -DHAVE_STRERROR=1 -DHAVE_STRFTIME=1 -DHAVE_VSNPRINTF=1  -c /minix3/src/tools/make/../../usr.bin/make/meta.c
cc  -O -DDEFSHELL_CUSTOM="/bin/sh" -DHAVE_SETENV=1 -DHAVE_STRDUP=1 -DHAVE_STRERROR=1 -DHAVE_STRFTIME=1 -DHAVE_VSNPRINTF=1  -c /minix3/src/tools/make/../../usr.bin/make/metachar.c
cc  -O -DDEFSHELL_CUSTOM="/bin/sh" -DHAVE_SETENV=1 -DHAVE_STRDUP=1 -DHAVE_STRERROR=1 -DHAVE_STRFTIME=1 -DHAVE_VSNPRINTF=1  -c /minix3/src/tools/make/../../usr.bin/make/parse.c
cc  -O -DDEFSHELL_CUSTOM="/bin/sh" -DHAVE_SETENV=1 -DHAVE_STRDUP=1 -DHAVE_STRERROR=1 -DHAVE_STRFTIME=1 -DHAVE_VSNPRINTF=1  -c /minix3/src/tools/make/../../usr.bin/make/str.c
cc  -O -DDEFSHELL_CUSTOM="/bin/sh" -DHAVE_SETENV=1 -DHAVE_STRDUP=1 -DHAVE_STRERROR=1 -DHAVE_STRFTIME=1 -DHAVE_VSNPRINTF=1  -c /minix3/src/tools/make/../../usr.bin/make/strlist.c
cc  -O -DDEFSHELL_CUSTOM="/bin/sh" -DHAVE_SETENV=1 -DHAVE_STRDUP=1 -DHAVE_STRERROR=1 -DHAVE_STRFTIME=1 -DHAVE_VSNPRINTF=1  -c /minix3/src/tools/make/../../usr.bin/make/suff.c
cc  -O -DDEFSHELL_CUSTOM="/bin/sh" -DHAVE_SETENV=1 -DHAVE_STRDUP=1 -DHAVE_STRERROR=1 -DHAVE_STRFTIME=1 -DHAVE_VSNPRINTF=1  -c /minix3/src/tools/make/../../usr.bin/make/targ.c
cc  -O -DDEFSHELL_CUSTOM="/bin/sh" -DHAVE_SETENV=1 -DHAVE_STRDUP=1 -DHAVE_STRERROR=1 -DHAVE_STRFTIME=1 -DHAVE_VSNPRINTF=1  -c /minix3/src/tools/make/../../usr.bin/make/trace.c
cc  -O -DDEFSHELL_CUSTOM="/bin/sh" -DHAVE_SETENV=1 -DHAVE_STRDUP=1 -DHAVE_STRERROR=1 -DHAVE_STRFTIME=1 -DHAVE_VSNPRINTF=1  -c /minix3/src/tools/make/../../usr.bin/make/util.c
cc  -O -DDEFSHELL_CUSTOM="/bin/sh" -DHAVE_SETENV=1 -DHAVE_STRDUP=1 -DHAVE_STRERROR=1 -DHAVE_STRFTIME=1 -DHAVE_VSNPRINTF=1  -c /minix3/src/tools/make/../../usr.bin/make/var.c
cc  -O -DDEFSHELL_CUSTOM="/bin/sh" -DHAVE_SETENV=1 -DHAVE_STRDUP=1 -DHAVE_STRERROR=1 -DHAVE_STRFTIME=1 -DHAVE_VSNPRINTF=1  -c /minix3/src/tools/make/../../usr.bin/make/lst.lib/lstAppend.c
cc  -O -DDEFSHELL_CUSTOM="/bin/sh" -DHAVE_SETENV=1 -DHAVE_STRDUP=1 -DHAVE_STRERROR=1 -DHAVE_STRFTIME=1 -DHAVE_VSNPRINTF=1  -c /minix3/src/tools/make/../../usr.bin/make/lst.lib/lstAtEnd.c
cc  -O -DDEFSHELL_CUSTOM="/bin/sh" -DHAVE_SETENV=1 -DHAVE_STRDUP=1 -DHAVE_STRERROR=1 -DHAVE_STRFTIME=1 -DHAVE_VSNPRINTF=1  -c /minix3/src/tools/make/../../usr.bin/make/lst.lib/lstAtFront.c
cc  -O -DDEFSHELL_CUSTOM="/bin/sh" -DHAVE_SETENV=1 -DHAVE_STRDUP=1 -DHAVE_STRERROR=1 -DHAVE_STRFTIME=1 -DHAVE_VSNPRINTF=1  -c /minix3/src/tools/make/../../usr.bin/make/lst.lib/lstClose.c
cc  -O -DDEFSHELL_CUSTOM="/bin/sh" -DHAVE_SETENV=1 -DHAVE_STRDUP=1 -DHAVE_STRERROR=1 -DHAVE_STRFTIME=1 -DHAVE_VSNPRINTF=1  -c /minix3/src/tools/make/../../usr.bin/make/lst.lib/lstConcat.c
cc  -O -DDEFSHELL_CUSTOM="/bin/sh" -DHAVE_SETENV=1 -DHAVE_STRDUP=1 -DHAVE_STRERROR=1 -DHAVE_STRFTIME=1 -DHAVE_VSNPRINTF=1  -c /minix3/src/tools/make/../../usr.bin/make/lst.lib/lstDatum.c
cc  -O -DDEFSHELL_CUSTOM="/bin/sh" -DHAVE_SETENV=1 -DHAVE_STRDUP=1 -DHAVE_STRERROR=1 -DHAVE_STRFTIME=1 -DHAVE_VSNPRINTF=1  -c /minix3/src/tools/make/../../usr.bin/make/lst.lib/lstDeQueue.c
cc  -O -DDEFSHELL_CUSTOM="/bin/sh" -DHAVE_SETENV=1 -DHAVE_STRDUP=1 -DHAVE_STRERROR=1 -DHAVE_STRFTIME=1 -DHAVE_VSNPRINTF=1  -c /minix3/src/tools/make/../../usr.bin/make/lst.lib/lstDestroy.c
cc  -O -DDEFSHELL_CUSTOM="/bin/sh" -DHAVE_SETENV=1 -DHAVE_STRDUP=1 -DHAVE_STRERROR=1 -DHAVE_STRFTIME=1 -DHAVE_VSNPRINTF=1  -c /minix3/src/tools/make/../../usr.bin/make/lst.lib/lstDupl.c
cc  -O -DDEFSHELL_CUSTOM="/bin/sh" -DHAVE_SETENV=1 -DHAVE_STRDUP=1 -DHAVE_STRERROR=1 -DHAVE_STRFTIME=1 -DHAVE_VSNPRINTF=1  -c /minix3/src/tools/make/../../usr.bin/make/lst.lib/lstEnQueue.c
cc  -O -DDEFSHELL_CUSTOM="/bin/sh" -DHAVE_SETENV=1 -DHAVE_STRDUP=1 -DHAVE_STRERROR=1 -DHAVE_STRFTIME=1 -DHAVE_VSNPRINTF=1  -c /minix3/src/tools/make/../../usr.bin/make/lst.lib/lstFind.c
cc  -O -DDEFSHELL_CUSTOM="/bin/sh" -DHAVE_SETENV=1 -DHAVE_STRDUP=1 -DHAVE_STRERROR=1 -DHAVE_STRFTIME=1 -DHAVE_VSNPRINTF=1  -c /minix3/src/tools/make/../../usr.bin/make/lst.lib/lstFindFrom.c
cc  -O -DDEFSHELL_CUSTOM="/bin/sh" -DHAVE_SETENV=1 -DHAVE_STRDUP=1 -DHAVE_STRERROR=1 -DHAVE_STRFTIME=1 -DHAVE_VSNPRINTF=1  -c /minix3/src/tools/make/../../usr.bin/make/lst.lib/lstFirst.c
cc  -O -DDEFSHELL_CUSTOM="/bin/sh" -DHAVE_SETENV=1 -DHAVE_STRDUP=1 -DHAVE_STRERROR=1 -DHAVE_STRFTIME=1 -DHAVE_VSNPRINTF=1  -c /minix3/src/tools/make/../../usr.bin/make/lst.lib/lstForEach.c
cc  -O -DDEFSHELL_CUSTOM="/bin/sh" -DHAVE_SETENV=1 -DHAVE_STRDUP=1 -DHAVE_STRERROR=1 -DHAVE_STRFTIME=1 -DHAVE_VSNPRINTF=1  -c /minix3/src/tools/make/../../usr.bin/make/lst.lib/lstForEachFrom.c
cc  -O -DDEFSHELL_CUSTOM="/bin/sh" -DHAVE_SETENV=1 -DHAVE_STRDUP=1 -DHAVE_STRERROR=1 -DHAVE_STRFTIME=1 -DHAVE_VSNPRINTF=1  -c /minix3/src/tools/make/../../usr.bin/make/lst.lib/lstInit.c
cc  -O -DDEFSHELL_CUSTOM="/bin/sh" -DHAVE_SETENV=1 -DHAVE_STRDUP=1 -DHAVE_STRERROR=1 -DHAVE_STRFTIME=1 -DHAVE_VSNPRINTF=1  -c /minix3/src/tools/make/../../usr.bin/make/lst.lib/lstInsert.c
cc  -O -DDEFSHELL_CUSTOM="/bin/sh" -DHAVE_SETENV=1 -DHAVE_STRDUP=1 -DHAVE_STRERROR=1 -DHAVE_STRFTIME=1 -DHAVE_VSNPRINTF=1  -c /minix3/src/tools/make/../../usr.bin/make/lst.lib/lstIsAtEnd.c
cc  -O -DDEFSHELL_CUSTOM="/bin/sh" -DHAVE_SETENV=1 -DHAVE_STRDUP=1 -DHAVE_STRERROR=1 -DHAVE_STRFTIME=1 -DHAVE_VSNPRINTF=1  -c /minix3/src/tools/make/../../usr.bin/make/lst.lib/lstIsEmpty.c
cc  -O -DDEFSHELL_CUSTOM="/bin/sh" -DHAVE_SETENV=1 -DHAVE_STRDUP=1 -DHAVE_STRERROR=1 -DHAVE_STRFTIME=1 -DHAVE_VSNPRINTF=1  -c /minix3/src/tools/make/../../usr.bin/make/lst.lib/lstLast.c
cc  -O -DDEFSHELL_CUSTOM="/bin/sh" -DHAVE_SETENV=1 -DHAVE_STRDUP=1 -DHAVE_STRERROR=1 -DHAVE_STRFTIME=1 -DHAVE_VSNPRINTF=1  -c /minix3/src/tools/make/../../usr.bin/make/lst.lib/lstMember.c
cc  -O -DDEFSHELL_CUSTOM="/bin/sh" -DHAVE_SETENV=1 -DHAVE_STRDUP=1 -DHAVE_STRERROR=1 -DHAVE_STRFTIME=1 -DHAVE_VSNPRINTF=1  -c /minix3/src/tools/make/../../usr.bin/make/lst.lib/lstNext.c
cc  -O -DDEFSHELL_CUSTOM="/bin/sh" -DHAVE_SETENV=1 -DHAVE_STRDUP=1 -DHAVE_STRERROR=1 -DHAVE_STRFTIME=1 -DHAVE_VSNPRINTF=1  -c /minix3/src/tools/make/../../usr.bin/make/lst.lib/lstOpen.c
cc  -O -DDEFSHELL_CUSTOM="/bin/sh" -DHAVE_SETENV=1 -DHAVE_STRDUP=1 -DHAVE_STRERROR=1 -DHAVE_STRFTIME=1 -DHAVE_VSNPRINTF=1  -c /minix3/src/tools/make/../../usr.bin/make/lst.lib/lstPrev.c
cc  -O -DDEFSHELL_CUSTOM="/bin/sh" -DHAVE_SETENV=1 -DHAVE_STRDUP=1 -DHAVE_STRERROR=1 -DHAVE_STRFTIME=1 -DHAVE_VSNPRINTF=1  -c /minix3/src/tools/make/../../usr.bin/make/lst.lib/lstRemove.c
cc  -O -DDEFSHELL_CUSTOM="/bin/sh" -DHAVE_SETENV=1 -DHAVE_STRDUP=1 -DHAVE_STRERROR=1 -DHAVE_STRFTIME=1 -DHAVE_VSNPRINTF=1  -c /minix3/src/tools/make/../../usr.bin/make/lst.lib/lstReplace.c
cc  -O -DDEFSHELL_CUSTOM="/bin/sh" -DHAVE_SETENV=1 -DHAVE_STRDUP=1 -DHAVE_STRERROR=1 -DHAVE_STRFTIME=1 -DHAVE_VSNPRINTF=1  -c /minix3/src/tools/make/../../usr.bin/make/lst.lib/lstSucc.c
cc  -O -o nbmake *.o  
elseelseelse===> MAKECONF file:       /etc/mk.conf (File not found)
elseelseelseelseelseelseelseelseelseelseelseelseelseelseelseelseelseelseelseelseelseelseelseelseelseelseelse===> TOOLDIR path:        /minix3/src/../obj.i386/tooldir.Linux-6.0.9-hardened1-1-hardened-x86_64
elseelseelse===> DESTDIR path:        /minix3/src/../obj.i386/destdir.i386
elseelseelse===> RELEASEDIR path:     /minix3/src/../obj.i386/releasedir
elseelseelse
ERROR: A previous build.sh run specified -U; you must specify it again now.
*** BUILD ABORTED ***
